<?xml version="1.0" encoding="UTF-8"?>
<!-- Generated by org.testng.reporters.JUnitReportReporter -->
<testsuite hostname="DESKTOP-U929CHB" failures="0" tests="1" name="get" time="9.872" errors="0" timestamp="2025-10-19T22:58:43 IST" skipped="0">
  <testcase classname="get" name="get" time="9.872"/>
</testsuite> <!-- get -->
