<?xml version="1.0" encoding="UTF-8"?>
<!-- Generated by org.testng.reporters.JUnitReportReporter -->
<testsuite hostname="DESKTOP-U929CHB" failures="0" tests="1" name="post" time="9.429" errors="0" timestamp="2025-10-19T23:06:10 IST" skipped="0">
  <testcase classname="post" name="post" time="9.429"/>
</testsuite> <!-- post -->
